<?xml version="1.0" encoding="UTF-8"?>
<testsuite xmlns:xsi="http://www.w3.org/2001/XMLSchema-instance" xsi:noNamespaceSchemaLocation="https://maven.apache.org/surefire/maven-surefire-plugin/xsd/surefire-test-report-3.0.xsd" version="3.0" name="com.example.orgstructure.DepartmentStructureAnalyzerTest" time="0.107" tests="4" errors="0" skipped="0" failures="0">
  <properties>
    <property name="gopherProxySet" value="false"/>
    <property name="awt.toolkit" value="sun.lwawt.macosx.LWCToolkit"/>
    <property name="java.specification.version" value="11"/>
    <property name="sun.cpu.isalist" value=""/>
    <property name="sun.jnu.encoding" value="UTF-8"/>
    <property name="java.class.path" value="/Users/shubham1/Downloads/Swiss-Re-dept-structure-analyzer/target/test-classes:/Users/shubham1/Downloads/Swiss-Re-dept-structure-analyzer/target/classes:/Users/shubham1/.m2/repository/junit/junit/4.13.2/junit-4.13.2.jar:/Users/shubham1/.m2/repository/org/hamcrest/hamcrest-core/1.3/hamcrest-core-1.3.jar:"/>
    <property name="java.vm.vendor" value="Azul Systems, Inc."/>
    <property name="sun.arch.data.model" value="64"/>
    <property name="java.vendor.url" value="http://www.azulsystems.com/"/>
    <property name="user.timezone" value=""/>
    <property name="java.vm.specification.version" value="11"/>
    <property name="os.name" value="Mac OS X"/>
    <property name="sun.java.launcher" value="SUN_STANDARD"/>
    <property name="user.country" value="IN"/>
    <property name="sun.boot.library.path" value="/Library/Java/JavaVirtualMachines/zulu-11.jdk/Contents/Home/lib"/>
    <property name="sun.java.command" value="/Users/shubham1/Downloads/Swiss-Re-dept-structure-analyzer/target/surefire/surefirebooter-20250629161538719_3.jar /Users/shubham1/Downloads/Swiss-Re-dept-structure-analyzer/target/surefire 2025-06-29T16-15-38_600-jvmRun1 surefire-20250629161538719_1tmp surefire_0-20250629161538719_2tmp"/>
    <property name="jdk.debug" value="release"/>
    <property name="surefire.test.class.path" value="/Users/shubham1/Downloads/Swiss-Re-dept-structure-analyzer/target/test-classes:/Users/shubham1/Downloads/Swiss-Re-dept-structure-analyzer/target/classes:/Users/shubham1/.m2/repository/junit/junit/4.13.2/junit-4.13.2.jar:/Users/shubham1/.m2/repository/org/hamcrest/hamcrest-core/1.3/hamcrest-core-1.3.jar:"/>
    <property name="sun.cpu.endian" value="little"/>
    <property name="user.home" value="/Users/shubham1"/>
    <property name="user.language" value="en"/>
    <property name="java.specification.vendor" value="Oracle Corporation"/>
    <property name="java.version.date" value="2020-11-04"/>
    <property name="java.home" value="/Library/Java/JavaVirtualMachines/zulu-11.jdk/Contents/Home"/>
    <property name="file.separator" value="/"/>
    <property name="basedir" value="/Users/shubham1/Downloads/Swiss-Re-dept-structure-analyzer"/>
    <property name="java.vm.compressedOopsMode" value="Zero based"/>
    <property name="line.separator" value="&#10;"/>
    <property name="java.specification.name" value="Java Platform API Specification"/>
    <property name="java.vm.specification.vendor" value="Oracle Corporation"/>
    <property name="jdk.vendor.version" value="Zulu11.43+56-SA"/>
    <property name="java.awt.graphicsenv" value="sun.awt.CGraphicsEnvironment"/>
    <property name="surefire.real.class.path" value="/Users/shubham1/Downloads/Swiss-Re-dept-structure-analyzer/target/surefire/surefirebooter-20250629161538719_3.jar"/>
    <property name="sun.management.compiler" value="HotSpot 64-Bit Tiered Compilers"/>
    <property name="java.runtime.version" value="11.0.9.1+1-LTS"/>
    <property name="user.name" value="shubham1"/>
    <property name="path.separator" value=":"/>
    <property name="os.version" value="10.16"/>
    <property name="java.runtime.name" value="OpenJDK Runtime Environment"/>
    <property name="file.encoding" value="UTF-8"/>
    <property name="java.vm.name" value="OpenJDK 64-Bit Server VM"/>
    <property name="java.vendor.version" value="Zulu11.43+56-SA"/>
    <property name="localRepository" value="/Users/shubham1/.m2/repository"/>
    <property name="java.vendor.url.bug" value="http://www.azulsystems.com/support/"/>
    <property name="java.io.tmpdir" value="/var/folders/bd/2kdvrf9s0ljdjv95fprv8wp40000gq/T/"/>
    <property name="java.version" value="11.0.9.1"/>
    <property name="user.dir" value="/Users/shubham1/Downloads/Swiss-Re-dept-structure-analyzer"/>
    <property name="os.arch" value="x86_64"/>
    <property name="java.vm.specification.name" value="Java Virtual Machine Specification"/>
    <property name="java.awt.printerjob" value="sun.lwawt.macosx.CPrinterJob"/>
    <property name="sun.os.patch.level" value="unknown"/>
    <property name="java.library.path" value="/Users/shubham1/Library/Java/Extensions:/Library/Java/Extensions:/Network/Library/Java/Extensions:/System/Library/Java/Extensions:/usr/lib/java:."/>
    <property name="java.vm.info" value="mixed mode"/>
    <property name="java.vendor" value="Azul Systems, Inc."/>
    <property name="java.vm.version" value="11.0.9.1+1-LTS"/>
    <property name="sun.io.unicode.encoding" value="UnicodeBig"/>
    <property name="java.class.version" value="55.0"/>
  </properties>
  <testcase name="testHierarchyDepthLimit" classname="com.example.orgstructure.DepartmentStructureAnalyzerTest" time="0.02">
    <system-out><![CDATA[ðŸ“‚ Loading employee data from file: src/test/resources/employees.csv
ðŸ‘” CEO Identified: Joe Doe (ID: 123)
Employee data loaded. Total employees: 5
]]></system-out>
  </testcase>
  <testcase name="testCEOIdentification" classname="com.example.orgstructure.DepartmentStructureAnalyzerTest" time="0.001">
    <system-out><![CDATA[ðŸ“‚ Loading employee data from file: src/test/resources/employees.csv
ðŸ‘” CEO Identified: Joe Doe (ID: 123)
Employee data loaded. Total employees: 5
]]></system-out>
  </testcase>
  <testcase name="testEmployeeLoading" classname="com.example.orgstructure.DepartmentStructureAnalyzerTest" time="0.001">
    <system-out><![CDATA[ðŸ“‚ Loading employee data from file: src/test/resources/employees.csv
ðŸ‘” CEO Identified: Joe Doe (ID: 123)
Employee data loaded. Total employees: 5
]]></system-out>
  </testcase>
  <testcase name="testManagerSalaryWithinRange" classname="com.example.orgstructure.DepartmentStructureAnalyzerTest" time="0.001">
    <system-out><![CDATA[ðŸ“‚ Loading employee data from file: src/test/resources/employees.csv
ðŸ‘” CEO Identified: Joe Doe (ID: 123)
Employee data loaded. Total employees: 5
]]></system-out>
  </testcase>
</testsuite>